WARNING:root:Skipped moving Puja at Gyanvapi Temple\U0001fae1 Bharat Ratna\U0001fae1 meanwhile now Lakshagrih victory \U0001f632\U0001f64a.mp4: [WinError 32] The process cannot access the file because it is being used by another process: 'B:\\Test File\\Puja at Gyanvapi Temple\U0001fae1 Bharat Ratna\U0001fae1 meanwhile now Lakshagrih victory \U0001f632\U0001f64a.mp4'
WARNING:root:Skipped moving Teeno- Aamir Khan Sharukh Khan - Salman Khan Kabhi ek film me dekhe Jaa sakte...\U0001f644wait for end.mp4: [WinError 32] The process cannot access the file because it is being used by another process: 'B:\\Test File\\Teeno- Aamir Khan Sharukh Khan - Salman Khan Kabhi ek film me dekhe Jaa sakte...\U0001f644wait for end.mp4'
WARNING:root:Skipped moving India Completely stops Ravi River water flow to Pakistan \U0001f644\U0001f636 Shahpurkandi Dam\U0001f525\U0001f4aa\U0001f3fb water pakistan.mp4: [WinError 32] The process cannot access the file because it is being used by another process: 'B:\\Test File\\India Completely stops Ravi River water flow to Pakistan \U0001f644\U0001f636 Shahpurkandi Dam\U0001f525\U0001f4aa\U0001f3fb water pakistan.mp4'
WARNING:root:Skipped moving King \u2764 respect modi narendramodi sigma shorts.mp4: [WinError 32] The process cannot access the file because it is being used by another process: 'B:\\Test File\\King \u2764 respect modi narendramodi sigma shorts.mp4'
WARNING:root:Skipped moving Indian freedom fighter \U0001f525 azadi special status.mp4: [WinError 32] The process cannot access the file because it is being used by another process: 'B:\\Test File\\Indian freedom fighter \U0001f525 azadi special status.mp4'
WARNING:root:Skipped moving Operation Tunnel Uttarkashi Tunnel Collapse Rescue Operation tunnel collapse uttarkashi.mp4: [WinError 32] The process cannot access the file because it is being used by another process: 'B:\\Test File\\Operation Tunnel Uttarkashi Tunnel Collapse Rescue Operation tunnel collapse uttarkashi.mp4'
WARNING:root:Skipped moving Pandit Ji - Sardar Ji Shastra - Shastar defended Bharat Prof. Kapil Kapoor sanatanadharma.mp4: [WinError 32] The process cannot access the file because it is being used by another process: 'B:\\Test File\\Pandit Ji - Sardar Ji Shastra - Shastar defended Bharat Prof. Kapil Kapoor sanatanadharma.mp4'
WARNING:root:Skipped moving Just because Rahul Gandhi is unemployed- doesnt mean youth of the country is unemployed\U0001f525 Annamalai.mp4: [WinError 32] The process cannot access the file because it is being used by another process: 'B:\\Test File\\Just because Rahul Gandhi is unemployed- doesnt mean youth of the country is unemployed\U0001f525 Annamalai.mp4'
WARNING:root:Skipped moving Black Heron \U0001f426 The Mind-Blowing Fishing Genius-.mp4: [WinError 32] The process cannot access the file because it is being used by another process: 'B:\\Test File\\Black Heron \U0001f426 The Mind-Blowing Fishing Genius-.mp4'
WARNING:root:Skipped moving Finally The US Revealed Its Insane New 6th Generation Fighter Jet \U0001f631.mp4: [WinError 32] The process cannot access the file because it is being used by another process: 'B:\\Test File\\Finally The US Revealed Its Insane New 6th Generation Fighter Jet \U0001f631.mp4'
WARNING:root:Skipped moving J. Sai Deepak Destroys\U0001f525Shoma Chaudhury Exposes Hypocrisy waitforend share Burnol Moment \U0001f923\U0001f923.mp4: [WinError 32] The process cannot access the file because it is being used by another process: 'B:\\Test File\\J. Sai Deepak Destroys\U0001f525Shoma Chaudhury Exposes Hypocrisy waitforend share Burnol Moment \U0001f923\U0001f923.mp4'
INFO:root:Moved kuch to baat thi usme left-right dono wing se Galli khata tha\U0001fae1 ayushman khurana Dil Dil pakistan.mp4 to B:\Test File\Target folder Test
INFO:root:Moved Akela boluga to fass jauga\U0001f636 Rameshwaram Cafe Bl-st Benguluru\U0001f644 wait for end.mp4 to B:\Test File\Target folder Test
INFO:root:Moved Journalists who speak Against Modi\U0001f937\U0001f3fb\U0001f645\U0001f3fb Journalists who speak against kejriwal \U0001f608\U0001f608\U0001fae1 Rachit Kaushik\U0001fae1.mp4 to B:\Test File\Target folder Test
WARNING:root:Skipped moving Puja at Gyanvapi Temple\U0001fae1 Bharat Ratna\U0001fae1 meanwhile now Lakshagrih victory \U0001f632\U0001f64a.mp4: [WinError 32] The process cannot access the file because it is being used by another process: 'B:\\Test File\\Puja at Gyanvapi Temple\U0001fae1 Bharat Ratna\U0001fae1 meanwhile now Lakshagrih victory \U0001f632\U0001f64a.mp4'
WARNING:root:Skipped moving Teeno- Aamir Khan Sharukh Khan - Salman Khan Kabhi ek film me dekhe Jaa sakte...\U0001f644wait for end.mp4: [WinError 32] The process cannot access the file because it is being used by another process: 'B:\\Test File\\Teeno- Aamir Khan Sharukh Khan - Salman Khan Kabhi ek film me dekhe Jaa sakte...\U0001f644wait for end.mp4'
INFO:root:Moved India Completely stops Ravi River water flow to Pakistan \U0001f644\U0001f636 Shahpurkandi Dam\U0001f525\U0001f4aa\U0001f3fb water pakistan.mp4 to B:\Test File\Target folder Test
INFO:root:Moved King \u2764 respect modi narendramodi sigma shorts.mp4 to B:\Test File\Target folder Test
INFO:root:Moved Indian freedom fighter \U0001f525 azadi special status.mp4 to B:\Test File\Target folder Test
WARNING:root:Skipped moving Operation Tunnel Uttarkashi Tunnel Collapse Rescue Operation tunnel collapse uttarkashi.mp4: [WinError 32] The process cannot access the file because it is being used by another process: 'B:\\Test File\\Operation Tunnel Uttarkashi Tunnel Collapse Rescue Operation tunnel collapse uttarkashi.mp4'
WARNING:root:Skipped moving Pandit Ji - Sardar Ji Shastra - Shastar defended Bharat Prof. Kapil Kapoor sanatanadharma.mp4: [WinError 32] The process cannot access the file because it is being used by another process: 'B:\\Test File\\Pandit Ji - Sardar Ji Shastra - Shastar defended Bharat Prof. Kapil Kapoor sanatanadharma.mp4'
INFO:root:Moved Just because Rahul Gandhi is unemployed- doesnt mean youth of the country is unemployed\U0001f525 Annamalai.mp4 to B:\Test File\Target folder Test
INFO:root:Moved Black Heron \U0001f426 The Mind-Blowing Fishing Genius-.mp4 to B:\Test File\Target folder Test
INFO:root:Moved Finally The US Revealed Its Insane New 6th Generation Fighter Jet \U0001f631.mp4 to B:\Test File\Target folder Test
INFO:root:Moved J. Sai Deepak Destroys\U0001f525Shoma Chaudhury Exposes Hypocrisy waitforend share Burnol Moment \U0001f923\U0001f923.mp4 to B:\Test File\Target folder Test
INFO:root:Moved kuch to baat thi usme left-right dono wing se Galli khata tha\U0001fae1 ayushman khurana Dil Dil pakistan.mp4 to B:\Test File\Target folder Test
INFO:root:Moved Akela boluga to fass jauga\U0001f636 Rameshwaram Cafe Bl-st Benguluru\U0001f644 wait for end.mp4 to B:\Test File\Target folder Test
INFO:root:Moved Journalists who speak Against Modi\U0001f937\U0001f3fb\U0001f645\U0001f3fb Journalists who speak against kejriwal \U0001f608\U0001f608\U0001fae1 Rachit Kaushik\U0001fae1.mp4 to B:\Test File\Target folder Test
WARNING:root:Skipped moving Puja at Gyanvapi Temple\U0001fae1 Bharat Ratna\U0001fae1 meanwhile now Lakshagrih victory \U0001f632\U0001f64a.mp4: [WinError 32] The process cannot access the file because it is being used by another process: 'B:\\Test File\\Puja at Gyanvapi Temple\U0001fae1 Bharat Ratna\U0001fae1 meanwhile now Lakshagrih victory \U0001f632\U0001f64a.mp4'
WARNING:root:Skipped moving Teeno- Aamir Khan Sharukh Khan - Salman Khan Kabhi ek film me dekhe Jaa sakte...\U0001f644wait for end.mp4: [WinError 32] The process cannot access the file because it is being used by another process: 'B:\\Test File\\Teeno- Aamir Khan Sharukh Khan - Salman Khan Kabhi ek film me dekhe Jaa sakte...\U0001f644wait for end.mp4'
INFO:root:Moved India Completely stops Ravi River water flow to Pakistan \U0001f644\U0001f636 Shahpurkandi Dam\U0001f525\U0001f4aa\U0001f3fb water pakistan.mp4 to B:\Test File\Target folder Test
INFO:root:Moved King \u2764 respect modi narendramodi sigma shorts.mp4 to B:\Test File\Target folder Test
INFO:root:Moved Indian freedom fighter \U0001f525 azadi special status.mp4 to B:\Test File\Target folder Test
WARNING:root:Skipped moving Operation Tunnel Uttarkashi Tunnel Collapse Rescue Operation tunnel collapse uttarkashi.mp4: [WinError 32] The process cannot access the file because it is being used by another process: 'B:\\Test File\\Operation Tunnel Uttarkashi Tunnel Collapse Rescue Operation tunnel collapse uttarkashi.mp4'
WARNING:root:Skipped moving Pandit Ji - Sardar Ji Shastra - Shastar defended Bharat Prof. Kapil Kapoor sanatanadharma.mp4: [WinError 32] The process cannot access the file because it is being used by another process: 'B:\\Test File\\Pandit Ji - Sardar Ji Shastra - Shastar defended Bharat Prof. Kapil Kapoor sanatanadharma.mp4'
INFO:root:Moved Just because Rahul Gandhi is unemployed- doesnt mean youth of the country is unemployed\U0001f525 Annamalai.mp4 to B:\Test File\Target folder Test
INFO:root:Moved Black Heron \U0001f426 The Mind-Blowing Fishing Genius-.mp4 to B:\Test File\Target folder Test
INFO:root:Moved Finally The US Revealed Its Insane New 6th Generation Fighter Jet \U0001f631.mp4 to B:\Test File\Target folder Test
INFO:root:Moved J. Sai Deepak Destroys\U0001f525Shoma Chaudhury Exposes Hypocrisy waitforend share Burnol Moment \U0001f923\U0001f923.mp4 to B:\Test File\Target folder Test
WARNING:root:Skipped moving Puja at Gyanvapi Temple\U0001fae1 Bharat Ratna\U0001fae1 meanwhile now Lakshagrih victory \U0001f632\U0001f64a.mp4: [WinError 32] The process cannot access the file because it is being used by another process: 'B:\\Test File\\Puja at Gyanvapi Temple\U0001fae1 Bharat Ratna\U0001fae1 meanwhile now Lakshagrih victory \U0001f632\U0001f64a.mp4'
WARNING:root:Skipped moving Teeno- Aamir Khan Sharukh Khan - Salman Khan Kabhi ek film me dekhe Jaa sakte...\U0001f644wait for end.mp4: [WinError 32] The process cannot access the file because it is being used by another process: 'B:\\Test File\\Teeno- Aamir Khan Sharukh Khan - Salman Khan Kabhi ek film me dekhe Jaa sakte...\U0001f644wait for end.mp4'
WARNING:root:Skipped moving Operation Tunnel Uttarkashi Tunnel Collapse Rescue Operation tunnel collapse uttarkashi.mp4: [WinError 32] The process cannot access the file because it is being used by another process: 'B:\\Test File\\Operation Tunnel Uttarkashi Tunnel Collapse Rescue Operation tunnel collapse uttarkashi.mp4'
WARNING:root:Skipped moving Pandit Ji - Sardar Ji Shastra - Shastar defended Bharat Prof. Kapil Kapoor sanatanadharma.mp4: [WinError 32] The process cannot access the file because it is being used by another process: 'B:\\Test File\\Pandit Ji - Sardar Ji Shastra - Shastar defended Bharat Prof. Kapil Kapoor sanatanadharma.mp4'
WARNING:root:Skipped moving Puja at Gyanvapi Temple\U0001fae1 Bharat Ratna\U0001fae1 meanwhile now Lakshagrih victory \U0001f632\U0001f64a.mp4: [WinError 32] The process cannot access the file because it is being used by another process: 'B:\\Test File\\Puja at Gyanvapi Temple\U0001fae1 Bharat Ratna\U0001fae1 meanwhile now Lakshagrih victory \U0001f632\U0001f64a.mp4'
WARNING:root:Skipped moving Teeno- Aamir Khan Sharukh Khan - Salman Khan Kabhi ek film me dekhe Jaa sakte...\U0001f644wait for end.mp4: [WinError 32] The process cannot access the file because it is being used by another process: 'B:\\Test File\\Teeno- Aamir Khan Sharukh Khan - Salman Khan Kabhi ek film me dekhe Jaa sakte...\U0001f644wait for end.mp4'
WARNING:root:Skipped moving Operation Tunnel Uttarkashi Tunnel Collapse Rescue Operation tunnel collapse uttarkashi.mp4: [WinError 32] The process cannot access the file because it is being used by another process: 'B:\\Test File\\Operation Tunnel Uttarkashi Tunnel Collapse Rescue Operation tunnel collapse uttarkashi.mp4'
WARNING:root:Skipped moving Pandit Ji - Sardar Ji Shastra - Shastar defended Bharat Prof. Kapil Kapoor sanatanadharma.mp4: [WinError 32] The process cannot access the file because it is being used by another process: 'B:\\Test File\\Pandit Ji - Sardar Ji Shastra - Shastar defended Bharat Prof. Kapil Kapoor sanatanadharma.mp4'
WARNING:root:Skipped moving Puja at Gyanvapi Temple\U0001fae1 Bharat Ratna\U0001fae1 meanwhile now Lakshagrih victory \U0001f632\U0001f64a.mp4: [WinError 32] The process cannot access the file because it is being used by another process: 'B:\\Test File\\Puja at Gyanvapi Temple\U0001fae1 Bharat Ratna\U0001fae1 meanwhile now Lakshagrih victory \U0001f632\U0001f64a.mp4'
WARNING:root:Skipped moving Teeno- Aamir Khan Sharukh Khan - Salman Khan Kabhi ek film me dekhe Jaa sakte...\U0001f644wait for end.mp4: [WinError 32] The process cannot access the file because it is being used by another process: 'B:\\Test File\\Teeno- Aamir Khan Sharukh Khan - Salman Khan Kabhi ek film me dekhe Jaa sakte...\U0001f644wait for end.mp4'
WARNING:root:Skipped moving Operation Tunnel Uttarkashi Tunnel Collapse Rescue Operation tunnel collapse uttarkashi.mp4: [WinError 32] The process cannot access the file because it is being used by another process: 'B:\\Test File\\Operation Tunnel Uttarkashi Tunnel Collapse Rescue Operation tunnel collapse uttarkashi.mp4'
WARNING:root:Skipped moving Pandit Ji - Sardar Ji Shastra - Shastar defended Bharat Prof. Kapil Kapoor sanatanadharma.mp4: [WinError 32] The process cannot access the file because it is being used by another process: 'B:\\Test File\\Pandit Ji - Sardar Ji Shastra - Shastar defended Bharat Prof. Kapil Kapoor sanatanadharma.mp4'
WARNING:root:Skipped moving kuch to baat thi usme left-right dono wing se Galli khata tha\U0001fae1 ayushman khurana Dil Dil pakistan.mp4: [WinError 32] The process cannot access the file because it is being used by another process: 'B:\\Test File\\kuch to baat thi usme left-right dono wing se Galli khata tha\U0001fae1 ayushman khurana Dil Dil pakistan.mp4'
WARNING:root:Skipped moving Akela boluga to fass jauga\U0001f636 Rameshwaram Cafe Bl-st Benguluru\U0001f644 wait for end.mp4: [WinError 32] The process cannot access the file because it is being used by another process: 'B:\\Test File\\Akela boluga to fass jauga\U0001f636 Rameshwaram Cafe Bl-st Benguluru\U0001f644 wait for end.mp4'
WARNING:root:Skipped moving Journalists who speak Against Modi\U0001f937\U0001f3fb\U0001f645\U0001f3fb Journalists who speak against kejriwal \U0001f608\U0001f608\U0001fae1 Rachit Kaushik\U0001fae1.mp4: [WinError 32] The process cannot access the file because it is being used by another process: 'B:\\Test File\\Journalists who speak Against Modi\U0001f937\U0001f3fb\U0001f645\U0001f3fb Journalists who speak against kejriwal \U0001f608\U0001f608\U0001fae1 Rachit Kaushik\U0001fae1.mp4'
WARNING:root:Skipped moving Puja at Gyanvapi Temple\U0001fae1 Bharat Ratna\U0001fae1 meanwhile now Lakshagrih victory \U0001f632\U0001f64a.mp4: [WinError 32] The process cannot access the file because it is being used by another process: 'B:\\Test File\\Puja at Gyanvapi Temple\U0001fae1 Bharat Ratna\U0001fae1 meanwhile now Lakshagrih victory \U0001f632\U0001f64a.mp4'
WARNING:root:Skipped moving Teeno- Aamir Khan Sharukh Khan - Salman Khan Kabhi ek film me dekhe Jaa sakte...\U0001f644wait for end.mp4: [WinError 32] The process cannot access the file because it is being used by another process: 'B:\\Test File\\Teeno- Aamir Khan Sharukh Khan - Salman Khan Kabhi ek film me dekhe Jaa sakte...\U0001f644wait for end.mp4'
WARNING:root:Skipped moving India Completely stops Ravi River water flow to Pakistan \U0001f644\U0001f636 Shahpurkandi Dam\U0001f525\U0001f4aa\U0001f3fb water pakistan.mp4: [WinError 32] The process cannot access the file because it is being used by another process: 'B:\\Test File\\India Completely stops Ravi River water flow to Pakistan \U0001f644\U0001f636 Shahpurkandi Dam\U0001f525\U0001f4aa\U0001f3fb water pakistan.mp4'
WARNING:root:Skipped moving King \u2764 respect modi narendramodi sigma shorts.mp4: [WinError 32] The process cannot access the file because it is being used by another process: 'B:\\Test File\\King \u2764 respect modi narendramodi sigma shorts.mp4'
WARNING:root:Skipped moving Indian freedom fighter \U0001f525 azadi special status.mp4: [WinError 32] The process cannot access the file because it is being used by another process: 'B:\\Test File\\Indian freedom fighter \U0001f525 azadi special status.mp4'
WARNING:root:Skipped moving Operation Tunnel Uttarkashi Tunnel Collapse Rescue Operation tunnel collapse uttarkashi.mp4: [WinError 32] The process cannot access the file because it is being used by another process: 'B:\\Test File\\Operation Tunnel Uttarkashi Tunnel Collapse Rescue Operation tunnel collapse uttarkashi.mp4'
WARNING:root:Skipped moving Operation%20Tunnel%20Uttarkashi%20Tunnel%20Collapse%20Rescue%20Operation%20tunnel%20collapse%20uttarkashi.mp4: [WinError 32] The process cannot access the file because it is being used by another process: 'B:\\Test File\\Operation%20Tunnel%20Uttarkashi%20Tunnel%20Collapse%20Rescue%20Operation%20tunnel%20collapse%20uttarkashi.mp4'
WARNING:root:Skipped moving Pandit Ji - Sardar Ji Shastra - Shastar defended Bharat Prof. Kapil Kapoor sanatanadharma.mp4: [WinError 32] The process cannot access the file because it is being used by another process: 'B:\\Test File\\Pandit Ji - Sardar Ji Shastra - Shastar defended Bharat Prof. Kapil Kapoor sanatanadharma.mp4'
WARNING:root:Skipped moving Just because Rahul Gandhi is unemployed- doesnt mean youth of the country is unemployed\U0001f525 Annamalai.mp4: [WinError 32] The process cannot access the file because it is being used by another process: 'B:\\Test File\\Just because Rahul Gandhi is unemployed- doesnt mean youth of the country is unemployed\U0001f525 Annamalai.mp4'
WARNING:root:Skipped moving Black Heron \U0001f426 The Mind-Blowing Fishing Genius-.mp4: [WinError 32] The process cannot access the file because it is being used by another process: 'B:\\Test File\\Black Heron \U0001f426 The Mind-Blowing Fishing Genius-.mp4'
WARNING:root:Skipped moving Finally The US Revealed Its Insane New 6th Generation Fighter Jet \U0001f631.mp4: [WinError 32] The process cannot access the file because it is being used by another process: 'B:\\Test File\\Finally The US Revealed Its Insane New 6th Generation Fighter Jet \U0001f631.mp4'
WARNING:root:Skipped moving J. Sai Deepak Destroys\U0001f525Shoma Chaudhury Exposes Hypocrisy waitforend share Burnol Moment \U0001f923\U0001f923.mp4: [WinError 32] The process cannot access the file because it is being used by another process: 'B:\\Test File\\J. Sai Deepak Destroys\U0001f525Shoma Chaudhury Exposes Hypocrisy waitforend share Burnol Moment \U0001f923\U0001f923.mp4'
